2022-05-28 13:26:17:INFO:Namespace(alpha=1, augment_epoch=10, beta=1.17, lr=0.0015, train_epoch=40)
2022-05-28 13:26:26:INFO:1000 classes, 7 templates
2022-05-28 13:26:41:INFO:Load data finished.
2022-05-28 13:26:41:INFO:Find saved text features.
2022-05-28 13:26:42:INFO:finish getting text features. start getting image features
2022-05-28 13:26:42:INFO:start saving training image features
2022-05-28 13:26:42:INFO:start saving testing image features
2022-05-28 13:26:42:INFO:Start fintuning adapter parameters..
2022-05-28 13:26:42:INFO:Train time: 1 / 40
2022-05-28 13:27:03:INFO:LR: 0.001498, Acc: 0.5928 (9485.0/16000), Loss: 1.5868
2022-05-28 13:27:04:INFO:Testing Top-1 Accuracy: 61.38
2022-05-28 13:27:04:INFO:Saving best model..
2022-05-28 13:27:04:INFO:Train time: 2 / 40
2022-05-28 13:27:26:INFO:LR: 0.001491, Acc: 0.6076 (9721.0/16000), Loss: 1.5400
2022-05-28 13:27:26:INFO:Testing Top-1 Accuracy: 62.01
2022-05-28 13:27:26:INFO:Saving best model..
2022-05-28 13:27:26:INFO:Train time: 3 / 40
2022-05-28 13:27:54:INFO:LR: 0.001479, Acc: 0.6121 (9793.0/16000), Loss: 1.5065
2022-05-28 13:27:54:INFO:Testing Top-1 Accuracy: 62.51
2022-05-28 13:27:54:INFO:Saving best model..
2022-05-28 13:27:54:INFO:Train time: 4 / 40
2022-05-28 13:28:39:INFO:LR: 0.001463, Acc: 0.6210 (9936.0/16000), Loss: 1.4739
2022-05-28 13:28:39:INFO:Testing Top-1 Accuracy: 62.95
2022-05-28 13:28:39:INFO:Saving best model..
2022-05-28 13:28:39:INFO:Train time: 5 / 40
2022-05-28 13:29:06:INFO:LR: 0.001443, Acc: 0.6335 (10136.0/16000), Loss: 1.4309
2022-05-28 13:29:06:INFO:Testing Top-1 Accuracy: 63.19
2022-05-28 13:29:06:INFO:Saving best model..
2022-05-28 13:29:06:INFO:Train time: 6 / 40
2022-05-28 13:29:33:INFO:LR: 0.001418, Acc: 0.6388 (10220.0/16000), Loss: 1.3933
2022-05-28 13:29:34:INFO:Testing Top-1 Accuracy: 63.47
2022-05-28 13:29:34:INFO:Saving best model..
2022-05-28 13:29:34:INFO:Train time: 7 / 40
2022-05-28 13:30:17:INFO:LR: 0.001389, Acc: 0.6468 (10349.0/16000), Loss: 1.3639
2022-05-28 13:30:18:INFO:Testing Top-1 Accuracy: 63.69
2022-05-28 13:30:18:INFO:Saving best model..
2022-05-28 13:30:18:INFO:Train time: 8 / 40
2022-05-28 13:30:59:INFO:LR: 0.001357, Acc: 0.6589 (10543.0/16000), Loss: 1.3205
2022-05-28 13:30:59:INFO:Testing Top-1 Accuracy: 63.94
2022-05-28 13:30:59:INFO:Saving best model..
2022-05-28 13:30:59:INFO:Train time: 9 / 40
2022-05-28 13:31:27:INFO:LR: 0.001320, Acc: 0.6684 (10695.0/16000), Loss: 1.2873
2022-05-28 13:31:27:INFO:Testing Top-1 Accuracy: 64.14
2022-05-28 13:31:27:INFO:Saving best model..
2022-05-28 13:31:27:INFO:Train time: 10 / 40
2022-05-28 13:31:56:INFO:LR: 0.001280, Acc: 0.6772 (10835.0/16000), Loss: 1.2445
2022-05-28 13:31:56:INFO:Testing Top-1 Accuracy: 64.16
2022-05-28 13:31:56:INFO:Saving best model..
2022-05-28 13:31:56:INFO:Train time: 11 / 40
2022-05-28 13:32:22:INFO:LR: 0.001237, Acc: 0.6864 (10982.0/16000), Loss: 1.2037
2022-05-28 13:32:23:INFO:Testing Top-1 Accuracy: 64.27
2022-05-28 13:32:23:INFO:Saving best model..
2022-05-28 13:32:23:INFO:Train time: 12 / 40
2022-05-28 13:32:46:INFO:LR: 0.001191, Acc: 0.6991 (11185.0/16000), Loss: 1.1603
2022-05-28 13:32:46:INFO:Testing Top-1 Accuracy: 64.38
2022-05-28 13:32:46:INFO:Saving best model..
2022-05-28 13:32:46:INFO:Train time: 13 / 40
2022-05-28 13:33:08:INFO:LR: 0.001142, Acc: 0.7123 (11397.0/16000), Loss: 1.1045
2022-05-28 13:33:08:INFO:Testing Top-1 Accuracy: 64.44
2022-05-28 13:33:08:INFO:Saving best model..
2022-05-28 13:33:08:INFO:Train time: 14 / 40
2022-05-28 13:33:30:INFO:LR: 0.001090, Acc: 0.7218 (11549.0/16000), Loss: 1.0699
2022-05-28 13:33:30:INFO:Testing Top-1 Accuracy: 64.49
2022-05-28 13:33:30:INFO:Saving best model..
2022-05-28 13:33:30:INFO:Train time: 15 / 40
2022-05-28 13:33:52:INFO:LR: 0.001037, Acc: 0.7346 (11753.0/16000), Loss: 1.0258
2022-05-28 13:33:52:INFO:Testing Top-1 Accuracy: 64.64
2022-05-28 13:33:52:INFO:Saving best model..
2022-05-28 13:33:52:INFO:Train time: 16 / 40
2022-05-28 13:34:16:INFO:LR: 0.000982, Acc: 0.7463 (11941.0/16000), Loss: 0.9730
2022-05-28 13:34:16:INFO:Testing Top-1 Accuracy: 64.60
2022-05-28 13:34:16:INFO:Train time: 17 / 40
2022-05-28 13:34:45:INFO:LR: 0.000925, Acc: 0.7591 (12145.0/16000), Loss: 0.9345
2022-05-28 13:34:45:INFO:Testing Top-1 Accuracy: 64.59
2022-05-28 13:34:45:INFO:Train time: 18 / 40
2022-05-28 13:35:11:INFO:LR: 0.000867, Acc: 0.7678 (12285.0/16000), Loss: 0.8934
2022-05-28 13:35:11:INFO:Testing Top-1 Accuracy: 64.56
2022-05-28 13:35:11:INFO:Train time: 19 / 40
2022-05-28 13:35:34:INFO:LR: 0.000809, Acc: 0.7872 (12595.0/16000), Loss: 0.8411
2022-05-28 13:35:34:INFO:Testing Top-1 Accuracy: 64.44
2022-05-28 13:35:34:INFO:Train time: 20 / 40
2022-05-28 13:35:55:INFO:LR: 0.000750, Acc: 0.7946 (12714.0/16000), Loss: 0.8049
2022-05-28 13:35:56:INFO:Testing Top-1 Accuracy: 64.40
2022-05-28 13:35:56:INFO:Train time: 21 / 40
2022-05-28 13:36:18:INFO:LR: 0.000691, Acc: 0.8024 (12838.0/16000), Loss: 0.7694
2022-05-28 13:36:18:INFO:Testing Top-1 Accuracy: 64.41
2022-05-28 13:36:18:INFO:Train time: 22 / 40
2022-05-28 13:36:40:INFO:LR: 0.000633, Acc: 0.8156 (13049.0/16000), Loss: 0.7409
2022-05-28 13:36:40:INFO:Testing Top-1 Accuracy: 64.28
2022-05-28 13:36:40:INFO:Train time: 23 / 40
2022-05-28 13:37:03:INFO:LR: 0.000575, Acc: 0.8274 (13239.0/16000), Loss: 0.6923
2022-05-28 13:37:04:INFO:Testing Top-1 Accuracy: 64.17
2022-05-28 13:37:04:INFO:Train time: 24 / 40
2022-05-28 13:37:27:INFO:LR: 0.000518, Acc: 0.8334 (13334.0/16000), Loss: 0.6671
2022-05-28 13:37:27:INFO:Testing Top-1 Accuracy: 64.09
2022-05-28 13:37:27:INFO:Train time: 25 / 40
2022-05-28 13:37:50:INFO:LR: 0.000463, Acc: 0.8402 (13443.0/16000), Loss: 0.6510
2022-05-28 13:37:50:INFO:Testing Top-1 Accuracy: 63.99
2022-05-28 13:37:50:INFO:Train time: 26 / 40
2022-05-28 13:38:20:INFO:LR: 0.000410, Acc: 0.8446 (13513.0/16000), Loss: 0.6274
2022-05-28 13:38:20:INFO:Testing Top-1 Accuracy: 63.96
2022-05-28 13:38:20:INFO:Train time: 27 / 40
2022-05-28 13:38:44:INFO:LR: 0.000358, Acc: 0.8515 (13624.0/16000), Loss: 0.6064
2022-05-28 13:38:44:INFO:Testing Top-1 Accuracy: 63.93
2022-05-28 13:38:44:INFO:Train time: 28 / 40
2022-05-28 13:40:54:INFO:LR: 0.000309, Acc: 0.8551 (13682.0/16000), Loss: 0.5892
2022-05-28 13:40:55:INFO:Testing Top-1 Accuracy: 63.84
2022-05-28 13:40:55:INFO:Train time: 29 / 40
2022-05-28 13:41:18:INFO:LR: 0.000263, Acc: 0.8630 (13808.0/16000), Loss: 0.5638
2022-05-28 13:41:18:INFO:Testing Top-1 Accuracy: 63.74
2022-05-28 13:41:18:INFO:Train time: 30 / 40
