2022-05-28 12:37:47:INFO:Namespace(alpha=1, augment_epoch=10, beta=1.17, lr=0.002, train_epoch=20)
2022-05-28 12:37:55:INFO:1000 classes, 7 templates
2022-05-28 12:37:59:INFO:Load data finished.
2022-05-28 12:37:59:INFO:Find saved text features.
2022-05-28 12:37:59:INFO:finish getting text features. start getting image features
2022-05-28 12:37:59:INFO:start saving training image features
2022-05-28 12:38:00:INFO:start saving testing image features
2022-05-28 12:38:00:INFO:Start fintuning adapter parameters..
2022-05-28 12:38:00:INFO:Train time: 1 / 20
2022-05-28 12:38:22:INFO:LR: 0.001988, Acc: 0.5935 (9496.0/16000), Loss: 1.5835
2022-05-28 12:38:26:INFO:Testing Top-1 Accuracy: 61.51
2022-05-28 12:38:26:INFO:Saving best model..
2022-05-28 12:38:26:INFO:Train time: 2 / 20
2022-05-28 12:38:49:INFO:LR: 0.001951, Acc: 0.6114 (9783.0/16000), Loss: 1.5257
2022-05-28 12:38:53:INFO:Testing Top-1 Accuracy: 62.29
2022-05-28 12:38:53:INFO:Saving best model..
2022-05-28 12:38:53:INFO:Train time: 3 / 20
2022-05-28 12:39:17:INFO:LR: 0.001891, Acc: 0.6176 (9881.0/16000), Loss: 1.4829
2022-05-28 12:39:22:INFO:Testing Top-1 Accuracy: 62.83
2022-05-28 12:39:22:INFO:Saving best model..
2022-05-28 12:39:22:INFO:Train time: 4 / 20
2022-05-28 12:39:48:INFO:LR: 0.001809, Acc: 0.6282 (10051.0/16000), Loss: 1.4420
2022-05-28 12:39:52:INFO:Testing Top-1 Accuracy: 63.28
2022-05-28 12:39:52:INFO:Saving best model..
2022-05-28 12:39:52:INFO:Train time: 5 / 20
2022-05-28 12:40:15:INFO:LR: 0.001707, Acc: 0.6439 (10303.0/16000), Loss: 1.3887
2022-05-28 12:40:19:INFO:Testing Top-1 Accuracy: 63.49
2022-05-28 12:40:19:INFO:Saving best model..
2022-05-28 12:40:19:INFO:Train time: 6 / 20
2022-05-28 12:40:42:INFO:LR: 0.001588, Acc: 0.6504 (10407.0/16000), Loss: 1.3425
2022-05-28 12:40:46:INFO:Testing Top-1 Accuracy: 63.82
2022-05-28 12:40:46:INFO:Saving best model..
2022-05-28 12:40:46:INFO:Train time: 7 / 20
2022-05-28 12:41:09:INFO:LR: 0.001454, Acc: 0.6594 (10551.0/16000), Loss: 1.3040
2022-05-28 12:41:13:INFO:Testing Top-1 Accuracy: 64.01
2022-05-28 12:41:13:INFO:Saving best model..
2022-05-28 12:41:13:INFO:Train time: 8 / 20
2022-05-28 12:41:37:INFO:LR: 0.001309, Acc: 0.6771 (10834.0/16000), Loss: 1.2537
2022-05-28 12:41:42:INFO:Testing Top-1 Accuracy: 64.13
2022-05-28 12:41:42:INFO:Saving best model..
2022-05-28 12:41:42:INFO:Train time: 9 / 20
2022-05-28 12:42:05:INFO:LR: 0.001156, Acc: 0.6856 (10970.0/16000), Loss: 1.2156
2022-05-28 12:42:12:INFO:Testing Top-1 Accuracy: 64.37
2022-05-28 12:42:12:INFO:Saving best model..
2022-05-28 12:42:12:INFO:Train time: 10 / 20
2022-05-28 12:42:39:INFO:LR: 0.001000, Acc: 0.6951 (11122.0/16000), Loss: 1.1720
2022-05-28 12:42:44:INFO:Testing Top-1 Accuracy: 64.39
2022-05-28 12:42:44:INFO:Saving best model..
2022-05-28 12:42:44:INFO:Train time: 11 / 20
2022-05-28 12:43:07:INFO:LR: 0.000844, Acc: 0.7073 (11316.0/16000), Loss: 1.1352
2022-05-28 12:43:11:INFO:Testing Top-1 Accuracy: 64.38
2022-05-28 12:43:11:INFO:Train time: 12 / 20
2022-05-28 12:43:35:INFO:LR: 0.000691, Acc: 0.7155 (11448.0/16000), Loss: 1.0996
2022-05-28 12:43:40:INFO:Testing Top-1 Accuracy: 64.47
2022-05-28 12:43:40:INFO:Saving best model..
2022-05-28 12:43:40:INFO:Train time: 13 / 20
2022-05-28 12:44:04:INFO:LR: 0.000546, Acc: 0.7259 (11614.0/16000), Loss: 1.0573
2022-05-28 12:44:08:INFO:Testing Top-1 Accuracy: 64.52
2022-05-28 12:44:08:INFO:Saving best model..
2022-05-28 12:44:08:INFO:Train time: 14 / 20
2022-05-28 12:44:30:INFO:LR: 0.000412, Acc: 0.7329 (11727.0/16000), Loss: 1.0414
2022-05-28 12:44:34:INFO:Testing Top-1 Accuracy: 64.60
2022-05-28 12:44:34:INFO:Saving best model..
2022-05-28 12:44:34:INFO:Train time: 15 / 20
2022-05-28 12:44:58:INFO:LR: 0.000293, Acc: 0.7368 (11789.0/16000), Loss: 1.0214
2022-05-28 12:45:02:INFO:Testing Top-1 Accuracy: 64.58
2022-05-28 12:45:02:INFO:Train time: 16 / 20
