2022-05-28 13:16:59:INFO:Namespace(alpha=1, augment_epoch=10, beta=1.17, lr=0.002, train_epoch=30)
2022-05-28 13:17:07:INFO:1000 classes, 7 templates
2022-05-28 13:17:13:INFO:Load data finished.
2022-05-28 13:17:13:INFO:Find saved text features.
2022-05-28 13:17:14:INFO:finish getting text features. start getting image features
2022-05-28 13:17:14:INFO:start saving training image features
2022-05-28 13:17:14:INFO:start saving testing image features
2022-05-28 13:17:14:INFO:Loading fintuned adapter parameters..
2022-05-28 13:17:14:INFO:Begin to search
2022-05-28 13:17:22:INFO:New best setting, alpha: 1.00, beta: 0.10; Top-1 acc: 60.33
2022-05-28 13:17:31:INFO:New best setting, alpha: 1.00, beta: 0.13; Top-1 acc: 60.33
2022-05-28 13:17:40:INFO:New best setting, alpha: 1.00, beta: 0.17; Top-1 acc: 60.35
2022-05-28 13:17:49:INFO:New best setting, alpha: 1.00, beta: 0.20; Top-1 acc: 60.35
2022-05-28 13:17:58:INFO:New best setting, alpha: 1.00, beta: 0.24; Top-1 acc: 60.36
2022-05-28 13:18:05:INFO:New best setting, alpha: 1.00, beta: 0.27; Top-1 acc: 60.36
2022-05-28 13:18:13:INFO:New best setting, alpha: 1.00, beta: 0.31; Top-1 acc: 60.38
2022-05-28 13:18:29:INFO:New best setting, alpha: 1.00, beta: 0.38; Top-1 acc: 60.40
2022-05-28 13:18:36:INFO:New best setting, alpha: 1.00, beta: 0.41; Top-1 acc: 60.40
2022-05-28 13:18:52:INFO:New best setting, alpha: 1.00, beta: 0.48; Top-1 acc: 60.40
2022-05-28 13:18:59:INFO:New best setting, alpha: 1.00, beta: 0.51; Top-1 acc: 60.42
2022-05-28 13:19:07:INFO:New best setting, alpha: 1.00, beta: 0.55; Top-1 acc: 60.43
2022-05-28 13:19:14:INFO:New best setting, alpha: 1.00, beta: 0.58; Top-1 acc: 60.43
2022-05-28 13:19:20:INFO:New best setting, alpha: 1.00, beta: 0.62; Top-1 acc: 60.43
2022-05-28 13:19:27:INFO:New best setting, alpha: 1.00, beta: 0.65; Top-1 acc: 60.46
2022-05-28 13:19:49:INFO:New best setting, alpha: 1.00, beta: 0.76; Top-1 acc: 60.46
2022-05-28 13:20:03:INFO:New best setting, alpha: 1.00, beta: 0.82; Top-1 acc: 60.50
2022-05-28 13:20:46:INFO:New best setting, alpha: 1.00, beta: 0.96; Top-1 acc: 60.51
2022-05-28 13:21:06:INFO:New best setting, alpha: 1.00, beta: 1.07; Top-1 acc: 60.52
2022-05-28 13:21:10:INFO:New best setting, alpha: 1.00, beta: 1.10; Top-1 acc: 60.52
2022-05-28 13:21:16:INFO:New best setting, alpha: 1.00, beta: 1.14; Top-1 acc: 60.53
2022-05-28 13:21:30:INFO:New best setting, alpha: 1.00, beta: 1.20; Top-1 acc: 60.54
2022-05-28 13:21:39:INFO:New best setting, alpha: 1.00, beta: 1.24; Top-1 acc: 60.56
2022-05-28 13:21:54:INFO:New best setting, alpha: 1.00, beta: 1.27; Top-1 acc: 60.57
2022-05-28 13:22:08:INFO:New best setting, alpha: 1.00, beta: 1.31; Top-1 acc: 60.58
2022-05-28 13:22:23:INFO:New best setting, alpha: 1.00, beta: 1.38; Top-1 acc: 60.60
2022-05-28 13:22:31:INFO:New best setting, alpha: 1.00, beta: 1.45; Top-1 acc: 60.60
2022-05-28 13:22:47:INFO:New best setting, alpha: 1.00, beta: 1.51; Top-1 acc: 60.61
2022-05-28 13:22:54:INFO:New best setting, alpha: 1.00, beta: 1.55; Top-1 acc: 60.62
