2022-05-28 12:53:12:INFO:Namespace(alpha=1, augment_epoch=10, beta=1.17, lr=0.002, train_epoch=30)
2022-05-28 12:53:20:INFO:1000 classes, 7 templates
2022-05-28 12:53:25:INFO:Load data finished.
2022-05-28 12:53:25:INFO:Find saved text features.
2022-05-28 12:53:25:INFO:finish getting text features. start getting image features
2022-05-28 12:53:25:INFO:start saving training image features
2022-05-28 12:53:25:INFO:start saving testing image features
2022-05-28 12:53:25:INFO:Start fintuning adapter parameters..
2022-05-28 12:53:25:INFO:Train time: 1 / 30
2022-05-28 12:53:48:INFO:LR: 0.001995, Acc: 0.5935 (9496.0/16000), Loss: 1.5835
2022-05-28 12:53:52:INFO:Testing Top-1 Accuracy: 61.51
2022-05-28 12:53:52:INFO:Saving best model..
2022-05-28 12:53:52:INFO:Train time: 2 / 30
2022-05-28 12:54:15:INFO:LR: 0.001978, Acc: 0.6115 (9784.0/16000), Loss: 1.5256
2022-05-28 12:54:19:INFO:Testing Top-1 Accuracy: 62.31
2022-05-28 12:54:19:INFO:Saving best model..
2022-05-28 12:54:19:INFO:Train time: 3 / 30
2022-05-28 12:54:47:INFO:LR: 0.001951, Acc: 0.6176 (9882.0/16000), Loss: 1.4824
2022-05-28 12:54:50:INFO:Testing Top-1 Accuracy: 62.86
2022-05-28 12:54:50:INFO:Saving best model..
2022-05-28 12:54:50:INFO:Train time: 4 / 30
2022-05-28 12:55:14:INFO:LR: 0.001914, Acc: 0.6284 (10054.0/16000), Loss: 1.4407
2022-05-28 12:55:17:INFO:Testing Top-1 Accuracy: 63.31
2022-05-28 12:55:17:INFO:Saving best model..
2022-05-28 12:55:17:INFO:Train time: 5 / 30
2022-05-28 12:55:40:INFO:LR: 0.001866, Acc: 0.6446 (10314.0/16000), Loss: 1.3854
2022-05-28 12:55:44:INFO:Testing Top-1 Accuracy: 63.52
2022-05-28 12:55:44:INFO:Saving best model..
2022-05-28 12:55:44:INFO:Train time: 6 / 30
2022-05-28 12:56:07:INFO:LR: 0.001809, Acc: 0.6505 (10408.0/16000), Loss: 1.3361
2022-05-28 12:56:11:INFO:Testing Top-1 Accuracy: 63.86
2022-05-28 12:56:11:INFO:Saving best model..
2022-05-28 12:56:11:INFO:Train time: 7 / 30
2022-05-28 12:56:38:INFO:LR: 0.001743, Acc: 0.6629 (10606.0/16000), Loss: 1.2928
2022-05-28 12:56:44:INFO:Testing Top-1 Accuracy: 64.06
2022-05-28 12:56:44:INFO:Saving best model..
2022-05-28 12:56:44:INFO:Train time: 8 / 30
2022-05-28 12:57:13:INFO:LR: 0.001669, Acc: 0.6814 (10903.0/16000), Loss: 1.2348
2022-05-28 12:57:19:INFO:Testing Top-1 Accuracy: 64.20
2022-05-28 12:57:19:INFO:Saving best model..
2022-05-28 12:57:19:INFO:Train time: 9 / 30
2022-05-28 12:57:49:INFO:LR: 0.001588, Acc: 0.6915 (11064.0/16000), Loss: 1.1861
2022-05-28 12:57:53:INFO:Testing Top-1 Accuracy: 64.38
2022-05-28 12:57:53:INFO:Saving best model..
2022-05-28 12:57:53:INFO:Train time: 10 / 30
2022-05-28 12:58:20:INFO:LR: 0.001500, Acc: 0.7024 (11239.0/16000), Loss: 1.1286
2022-05-28 12:58:24:INFO:Testing Top-1 Accuracy: 64.34
2022-05-28 12:58:24:INFO:Train time: 11 / 30
2022-05-28 12:58:47:INFO:LR: 0.001407, Acc: 0.7206 (11530.0/16000), Loss: 1.0747
2022-05-28 12:58:51:INFO:Testing Top-1 Accuracy: 64.43
2022-05-28 12:58:51:INFO:Saving best model..
2022-05-28 12:58:51:INFO:Train time: 12 / 30
2022-05-28 12:59:14:INFO:LR: 0.001309, Acc: 0.7361 (11778.0/16000), Loss: 1.0165
2022-05-28 12:59:18:INFO:Testing Top-1 Accuracy: 64.54
2022-05-28 12:59:18:INFO:Saving best model..
2022-05-28 12:59:18:INFO:Train time: 13 / 30
2022-05-28 12:59:42:INFO:LR: 0.001208, Acc: 0.7558 (12092.0/16000), Loss: 0.9473
2022-05-28 12:59:46:INFO:Testing Top-1 Accuracy: 64.47
2022-05-28 12:59:46:INFO:Train time: 14 / 30
2022-05-28 13:00:09:INFO:LR: 0.001105, Acc: 0.7666 (12266.0/16000), Loss: 0.9019
2022-05-28 13:00:13:INFO:Testing Top-1 Accuracy: 64.48
2022-05-28 13:00:13:INFO:Train time: 15 / 30
2022-05-28 13:00:36:INFO:LR: 0.001000, Acc: 0.7824 (12518.0/16000), Loss: 0.8490
2022-05-28 13:00:40:INFO:Testing Top-1 Accuracy: 64.52
2022-05-28 13:00:40:INFO:Train time: 16 / 30
2022-05-28 13:01:09:INFO:LR: 0.000895, Acc: 0.7985 (12776.0/16000), Loss: 0.7917
2022-05-28 13:01:14:INFO:Testing Top-1 Accuracy: 64.39
2022-05-28 13:01:14:INFO:Train time: 17 / 30
2022-05-28 13:01:38:INFO:LR: 0.000792, Acc: 0.8094 (12951.0/16000), Loss: 0.7530
2022-05-28 13:01:41:INFO:Testing Top-1 Accuracy: 64.37
2022-05-28 13:01:41:INFO:Train time: 18 / 30
2022-05-28 13:02:05:INFO:LR: 0.000691, Acc: 0.8200 (13120.0/16000), Loss: 0.7124
2022-05-28 13:02:08:INFO:Testing Top-1 Accuracy: 64.23
2022-05-28 13:02:08:INFO:Train time: 19 / 30
2022-05-28 13:02:32:INFO:LR: 0.000593, Acc: 0.8323 (13317.0/16000), Loss: 0.6667
2022-05-28 13:02:36:INFO:Testing Top-1 Accuracy: 64.13
2022-05-28 13:02:36:INFO:Train time: 20 / 30
2022-05-28 13:02:59:INFO:LR: 0.000500, Acc: 0.8427 (13483.0/16000), Loss: 0.6392
2022-05-28 13:03:03:INFO:Testing Top-1 Accuracy: 64.07
2022-05-28 13:03:03:INFO:Train time: 21 / 30
2022-05-28 13:03:26:INFO:LR: 0.000412, Acc: 0.8460 (13536.0/16000), Loss: 0.6156
2022-05-28 13:03:30:INFO:Testing Top-1 Accuracy: 63.91
2022-05-28 13:03:30:INFO:Train time: 22 / 30
2022-05-28 13:03:57:INFO:LR: 0.000331, Acc: 0.8536 (13658.0/16000), Loss: 0.6008
2022-05-28 13:04:01:INFO:Testing Top-1 Accuracy: 63.88
2022-05-28 13:04:01:INFO:Train time: 23 / 30
2022-05-28 13:04:25:INFO:LR: 0.000257, Acc: 0.8630 (13808.0/16000), Loss: 0.5662
2022-05-28 13:04:29:INFO:Testing Top-1 Accuracy: 63.79
2022-05-28 13:04:29:INFO:Train time: 24 / 30
2022-05-28 13:04:52:INFO:LR: 0.000191, Acc: 0.8658 (13853.0/16000), Loss: 0.5559
2022-05-28 13:04:56:INFO:Testing Top-1 Accuracy: 63.78
2022-05-28 13:04:56:INFO:Train time: 25 / 30
2022-05-28 13:05:20:INFO:LR: 0.000134, Acc: 0.8686 (13897.0/16000), Loss: 0.5561
2022-05-28 13:05:24:INFO:Testing Top-1 Accuracy: 63.75
2022-05-28 13:05:24:INFO:Train time: 26 / 30
2022-05-28 13:05:47:INFO:LR: 0.000086, Acc: 0.8670 (13872.0/16000), Loss: 0.5492
2022-05-28 13:05:51:INFO:Testing Top-1 Accuracy: 63.74
2022-05-28 13:05:51:INFO:Train time: 27 / 30
2022-05-28 13:06:15:INFO:LR: 0.000049, Acc: 0.8708 (13932.0/16000), Loss: 0.5463
2022-05-28 13:06:18:INFO:Testing Top-1 Accuracy: 63.71
2022-05-28 13:06:18:INFO:Train time: 28 / 30
2022-05-28 13:06:50:INFO:LR: 0.000022, Acc: 0.8708 (13933.0/16000), Loss: 0.5442
2022-05-28 13:06:58:INFO:Testing Top-1 Accuracy: 63.73
2022-05-28 13:06:58:INFO:Train time: 29 / 30
2022-05-28 13:07:29:INFO:LR: 0.000005, Acc: 0.8726 (13962.0/16000), Loss: 0.5347
2022-05-28 13:07:35:INFO:Testing Top-1 Accuracy: 63.73
2022-05-28 13:07:35:INFO:Train time: 30 / 30
2022-05-28 13:08:07:INFO:LR: 0.000000, Acc: 0.8732 (13971.0/16000), Loss: 0.5421
2022-05-28 13:08:13:INFO:Testing Top-1 Accuracy: 63.73
2022-05-28 13:08:13:INFO:Best Testing Top-1 Accuracy: 64.54, at Epoch: 11
2022-05-28 13:08:13:INFO:Begin to search
2022-05-28 13:08:19:INFO:New best setting, alpha: 1.00, beta: 0.10; Top-1 acc: 63.73
