2022-05-28 03:24:08:INFO:Namespace(alpha=1, augment_epoch=10, beta=1.17, lr=0.001, refine_epoch=20, refine_lr=0.0001, topK=5, train_epoch=20)
2022-05-28 03:24:18:INFO:1000 classes, 7 templates
2022-05-28 03:24:23:INFO:Load data finished.
2022-05-28 03:24:23:INFO:Find saved text features.
2022-05-28 03:24:23:INFO:finish getting text features. start getting image features
2022-05-28 03:24:23:INFO:start saving training image features
2022-05-28 03:24:23:INFO:start saving testing image features
2022-05-28 03:24:24:INFO:Loading fintuned adapter parameters..
2022-05-28 03:24:24:INFO:Starting refining..
2022-05-28 03:24:24:INFO:trainable parameters: linear1.weight
2022-05-28 03:24:24:INFO:Refine time: 1 / 20
2022-05-28 03:24:59:INFO:Refining Top-1 Accuracy: 77.68
2022-05-28 03:24:59:INFO:Refining Top-5 Accuracy: 95.33
2022-05-28 03:25:00:INFO:Testing Top-1 Accuracy: 64.92
2022-05-28 03:25:00:INFO:Testing Top-2 Accuracy: 78.53
2022-05-28 03:25:00:INFO:Testing Top-3 Accuracy: 84.32
2022-05-28 03:25:00:INFO:Testing Top-4 Accuracy: 87.48
2022-05-28 03:25:00:INFO:Testing Top-5 Accuracy: 89.51
2022-05-28 03:25:00:INFO:Refine time: 2 / 20
2022-05-28 03:25:22:INFO:Refining Top-1 Accuracy: 78.97
2022-05-28 03:25:22:INFO:Refining Top-5 Accuracy: 95.13
2022-05-28 03:25:22:INFO:Testing Top-1 Accuracy: 65.20
2022-05-28 03:25:22:INFO:Testing Top-2 Accuracy: 78.49
2022-05-28 03:25:22:INFO:Testing Top-3 Accuracy: 84.25
2022-05-28 03:25:22:INFO:Testing Top-4 Accuracy: 87.44
2022-05-28 03:25:22:INFO:Testing Top-5 Accuracy: 89.53
2022-05-28 03:25:22:INFO:Refine time: 3 / 20
2022-05-28 03:25:58:INFO:Refining Top-1 Accuracy: 80.16
2022-05-28 03:25:58:INFO:Refining Top-5 Accuracy: 95.36
2022-05-28 03:25:58:INFO:Testing Top-1 Accuracy: 65.14
2022-05-28 03:25:58:INFO:Testing Top-2 Accuracy: 78.56
2022-05-28 03:25:58:INFO:Testing Top-3 Accuracy: 84.15
2022-05-28 03:25:58:INFO:Testing Top-4 Accuracy: 87.39
2022-05-28 03:25:58:INFO:Testing Top-5 Accuracy: 89.52
2022-05-28 03:25:58:INFO:Refine time: 4 / 20
2022-05-28 03:26:21:INFO:Refining Top-1 Accuracy: 80.51
2022-05-28 03:26:21:INFO:Refining Top-5 Accuracy: 95.31
2022-05-28 03:26:21:INFO:Testing Top-1 Accuracy: 65.19
2022-05-28 03:26:21:INFO:Testing Top-2 Accuracy: 78.56
2022-05-28 03:26:21:INFO:Testing Top-3 Accuracy: 84.19
2022-05-28 03:26:21:INFO:Testing Top-4 Accuracy: 87.44
2022-05-28 03:26:21:INFO:Testing Top-5 Accuracy: 89.49
2022-05-28 03:26:21:INFO:Refine time: 5 / 20
2022-05-28 03:27:07:INFO:Refining Top-1 Accuracy: 81.10
2022-05-28 03:27:07:INFO:Refining Top-5 Accuracy: 95.06
2022-05-28 03:27:08:INFO:Testing Top-1 Accuracy: 65.18
2022-05-28 03:27:08:INFO:Testing Top-2 Accuracy: 78.65
2022-05-28 03:27:08:INFO:Testing Top-3 Accuracy: 84.24
2022-05-28 03:27:08:INFO:Testing Top-4 Accuracy: 87.38
2022-05-28 03:27:08:INFO:Testing Top-5 Accuracy: 89.51
2022-05-28 03:27:08:INFO:Refine time: 6 / 20
2022-05-28 03:27:53:INFO:Refining Top-1 Accuracy: 81.66
2022-05-28 03:27:53:INFO:Refining Top-5 Accuracy: 95.26
2022-05-28 03:27:53:INFO:Testing Top-1 Accuracy: 65.04
2022-05-28 03:27:53:INFO:Testing Top-2 Accuracy: 78.56
2022-05-28 03:27:53:INFO:Testing Top-3 Accuracy: 84.29
2022-05-28 03:27:53:INFO:Testing Top-4 Accuracy: 87.45
2022-05-28 03:27:53:INFO:Testing Top-5 Accuracy: 89.47
2022-05-28 03:27:53:INFO:Refine time: 7 / 20
2022-05-28 03:28:41:INFO:Refining Top-1 Accuracy: 82.70
2022-05-28 03:28:41:INFO:Refining Top-5 Accuracy: 95.22
2022-05-28 03:28:41:INFO:Testing Top-1 Accuracy: 65.20
2022-05-28 03:28:41:INFO:Testing Top-2 Accuracy: 78.64
2022-05-28 03:28:41:INFO:Testing Top-3 Accuracy: 84.31
2022-05-28 03:28:41:INFO:Testing Top-4 Accuracy: 87.47
2022-05-28 03:28:41:INFO:Testing Top-5 Accuracy: 89.46
2022-05-28 03:28:41:INFO:Refine time: 8 / 20
2022-05-28 03:29:30:INFO:Refining Top-1 Accuracy: 83.01
2022-05-28 03:29:30:INFO:Refining Top-5 Accuracy: 95.40
2022-05-28 03:29:31:INFO:Testing Top-1 Accuracy: 65.15
2022-05-28 03:29:31:INFO:Testing Top-2 Accuracy: 78.68
2022-05-28 03:29:31:INFO:Testing Top-3 Accuracy: 84.27
2022-05-28 03:29:31:INFO:Testing Top-4 Accuracy: 87.45
2022-05-28 03:29:31:INFO:Testing Top-5 Accuracy: 89.51
2022-05-28 03:29:31:INFO:Refine time: 9 / 20
2022-05-28 03:30:27:INFO:Refining Top-1 Accuracy: 83.53
2022-05-28 03:30:27:INFO:Refining Top-5 Accuracy: 95.32
2022-05-28 03:30:27:INFO:Testing Top-1 Accuracy: 65.22
2022-05-28 03:30:27:INFO:Testing Top-2 Accuracy: 78.69
2022-05-28 03:30:27:INFO:Testing Top-3 Accuracy: 84.28
2022-05-28 03:30:27:INFO:Testing Top-4 Accuracy: 87.43
2022-05-28 03:30:27:INFO:Testing Top-5 Accuracy: 89.51
2022-05-28 03:30:27:INFO:Refine time: 10 / 20
2022-05-28 03:31:28:INFO:Refining Top-1 Accuracy: 83.84
2022-05-28 03:31:28:INFO:Refining Top-5 Accuracy: 95.38
2022-05-28 03:31:29:INFO:Testing Top-1 Accuracy: 65.19
2022-05-28 03:31:29:INFO:Testing Top-2 Accuracy: 78.62
2022-05-28 03:31:29:INFO:Testing Top-3 Accuracy: 84.28
2022-05-28 03:31:29:INFO:Testing Top-4 Accuracy: 87.36
2022-05-28 03:31:29:INFO:Testing Top-5 Accuracy: 89.47
2022-05-28 03:31:29:INFO:Refine time: 11 / 20
2022-05-28 03:32:24:INFO:Refining Top-1 Accuracy: 84.53
2022-05-28 03:32:24:INFO:Refining Top-5 Accuracy: 95.42
2022-05-28 03:32:24:INFO:Testing Top-1 Accuracy: 65.29
2022-05-28 03:32:24:INFO:Testing Top-2 Accuracy: 78.63
2022-05-28 03:32:24:INFO:Testing Top-3 Accuracy: 84.25
2022-05-28 03:32:24:INFO:Testing Top-4 Accuracy: 87.39
2022-05-28 03:32:24:INFO:Testing Top-5 Accuracy: 89.47
2022-05-28 03:32:24:INFO:Refine time: 12 / 20
2022-05-28 03:33:14:INFO:Refining Top-1 Accuracy: 84.77
2022-05-28 03:33:14:INFO:Refining Top-5 Accuracy: 95.36
2022-05-28 03:33:14:INFO:Testing Top-1 Accuracy: 65.31
2022-05-28 03:33:14:INFO:Testing Top-2 Accuracy: 78.68
2022-05-28 03:33:14:INFO:Testing Top-3 Accuracy: 84.30
2022-05-28 03:33:14:INFO:Testing Top-4 Accuracy: 87.40
2022-05-28 03:33:14:INFO:Testing Top-5 Accuracy: 89.45
2022-05-28 03:33:14:INFO:Refine time: 13 / 20
2022-05-28 03:34:08:INFO:Refining Top-1 Accuracy: 85.11
2022-05-28 03:34:08:INFO:Refining Top-5 Accuracy: 95.36
2022-05-28 03:34:08:INFO:Testing Top-1 Accuracy: 65.33
2022-05-28 03:34:08:INFO:Testing Top-2 Accuracy: 78.69
2022-05-28 03:34:08:INFO:Testing Top-3 Accuracy: 84.30
2022-05-28 03:34:08:INFO:Testing Top-4 Accuracy: 87.41
2022-05-28 03:34:08:INFO:Testing Top-5 Accuracy: 89.41
2022-05-28 03:34:08:INFO:Refine time: 14 / 20
2022-05-28 03:34:56:INFO:Refining Top-1 Accuracy: 85.14
2022-05-28 03:34:56:INFO:Refining Top-5 Accuracy: 95.28
2022-05-28 03:34:56:INFO:Testing Top-1 Accuracy: 65.30
2022-05-28 03:34:56:INFO:Testing Top-2 Accuracy: 78.70
2022-05-28 03:34:56:INFO:Testing Top-3 Accuracy: 84.24
2022-05-28 03:34:56:INFO:Testing Top-4 Accuracy: 87.42
2022-05-28 03:34:56:INFO:Testing Top-5 Accuracy: 89.44
2022-05-28 03:34:56:INFO:Refine time: 15 / 20
2022-05-28 03:35:18:INFO:Refining Top-1 Accuracy: 85.28
2022-05-28 03:35:18:INFO:Refining Top-5 Accuracy: 95.31
2022-05-28 03:35:18:INFO:Testing Top-1 Accuracy: 65.34
2022-05-28 03:35:18:INFO:Testing Top-2 Accuracy: 78.64
2022-05-28 03:35:18:INFO:Testing Top-3 Accuracy: 84.26
2022-05-28 03:35:18:INFO:Testing Top-4 Accuracy: 87.42
2022-05-28 03:35:18:INFO:Testing Top-5 Accuracy: 89.45
2022-05-28 03:35:18:INFO:Refine time: 16 / 20
2022-05-28 03:35:40:INFO:Refining Top-1 Accuracy: 85.51
2022-05-28 03:35:40:INFO:Refining Top-5 Accuracy: 95.27
2022-05-28 03:35:40:INFO:Testing Top-1 Accuracy: 65.35
2022-05-28 03:35:40:INFO:Testing Top-2 Accuracy: 78.64
2022-05-28 03:35:40:INFO:Testing Top-3 Accuracy: 84.27
2022-05-28 03:35:40:INFO:Testing Top-4 Accuracy: 87.43
2022-05-28 03:35:40:INFO:Testing Top-5 Accuracy: 89.46
2022-05-28 03:35:40:INFO:Refine time: 17 / 20
2022-05-28 03:36:02:INFO:Refining Top-1 Accuracy: 85.99
2022-05-28 03:36:02:INFO:Refining Top-5 Accuracy: 95.22
2022-05-28 03:36:02:INFO:Testing Top-1 Accuracy: 65.37
2022-05-28 03:36:02:INFO:Testing Top-2 Accuracy: 78.67
2022-05-28 03:36:02:INFO:Testing Top-3 Accuracy: 84.25
2022-05-28 03:36:02:INFO:Testing Top-4 Accuracy: 87.42
2022-05-28 03:36:02:INFO:Testing Top-5 Accuracy: 89.45
2022-05-28 03:36:02:INFO:Refine time: 18 / 20
2022-05-28 03:36:24:INFO:Refining Top-1 Accuracy: 85.66
2022-05-28 03:36:24:INFO:Refining Top-5 Accuracy: 95.46
2022-05-28 03:36:25:INFO:Testing Top-1 Accuracy: 65.38
2022-05-28 03:36:25:INFO:Testing Top-2 Accuracy: 78.67
2022-05-28 03:36:25:INFO:Testing Top-3 Accuracy: 84.26
2022-05-28 03:36:25:INFO:Testing Top-4 Accuracy: 87.42
2022-05-28 03:36:25:INFO:Testing Top-5 Accuracy: 89.46
2022-05-28 03:36:25:INFO:Refine time: 19 / 20
2022-05-28 03:36:52:INFO:Refining Top-1 Accuracy: 86.05
2022-05-28 03:36:52:INFO:Refining Top-5 Accuracy: 95.46
2022-05-28 03:36:53:INFO:Testing Top-1 Accuracy: 65.38
2022-05-28 03:36:53:INFO:Testing Top-2 Accuracy: 78.67
2022-05-28 03:36:53:INFO:Testing Top-3 Accuracy: 84.25
2022-05-28 03:36:53:INFO:Testing Top-4 Accuracy: 87.43
2022-05-28 03:36:53:INFO:Testing Top-5 Accuracy: 89.46
2022-05-28 03:36:53:INFO:Refine time: 20 / 20
2022-05-28 03:37:14:INFO:Refining Top-1 Accuracy: 85.89
2022-05-28 03:37:14:INFO:Refining Top-5 Accuracy: 95.26
2022-05-28 03:37:14:INFO:Testing Top-1 Accuracy: 65.38
2022-05-28 03:37:14:INFO:Testing Top-2 Accuracy: 78.67
2022-05-28 03:37:14:INFO:Testing Top-3 Accuracy: 84.25
2022-05-28 03:37:14:INFO:Testing Top-4 Accuracy: 87.43
2022-05-28 03:37:14:INFO:Testing Top-5 Accuracy: 89.46
2022-05-28 03:37:14:INFO:Best Testing Top-1,2,4,5 Accuracy: 65.38,78.67,84.26,87.42,89.46, at Epoch: 18
